  v8pp-example-embedding.cpp
v8pp-example-embedding.obj : error LNK2001: unresolved external symbol "public: __cdecl v8::HandleScope::~HandleScope(void)" (??1HandleScope@v8@@QEAA@XZ)
v8pp-example-embedding.obj : error LNK2001: unresolved external symbol "public: __cdecl v8::HandleScope::HandleScope(class v8::Isolate *)" (??0HandleScope@v8@@QEAA@PEAVIsolate@1@@Z)
v8pp-example-embedding.obj : error LNK2001: unresolved external symbol "public: static void __cdecl v8::V8::ShutdownPlatform(void)" (?ShutdownPlatform@V8@v8@@SAXXZ)
v8pp-example-embedding.obj : error LNK2001: unresolved external symbol "public: static void __cdecl v8::V8::InitializeExternalStartupData(char const *)" (?InitializeExternalStartupData@V8@v8@@SAXPEBD@Z)
v8pp-example-embedding.obj : error LNK2001: unresolved external symbol "public: static bool __cdecl v8::V8::Dispose(void)" (?Dispose@V8@v8@@SA_NXZ)
v8pp-example-embedding.obj : error LNK2001: unresolved external symbol "public: static bool __cdecl v8::V8::Initialize(void)" (?Initialize@V8@v8@@SA_NXZ)
v8pp-example-embedding.obj : error LNK2001: unresolved external symbol "public: __cdecl v8::String::Utf8Value::~Utf8Value(void)" (??1Utf8Value@String@v8@@QEAA@XZ)
v8pp-example-embedding.obj : error LNK2001: unresolved external symbol "public: __cdecl v8::String::Utf8Value::Utf8Value(class v8::Isolate *,class v8::Local<class v8::Value>)" (??0Utf8Value@String@v8@@QEAA@PEAVIsolate@2@V?$Local@VValue@v8@@@2@@Z)
v8pp.x64.lib(context.obj) : error LNK2001: unresolved external symbol "public: void __cdecl v8::Context::Exit(void)" (?Exit@Context@v8@@QEAAXXZ)
v8pp.x64.lib(context.obj) : error LNK2001: unresolved external symbol "public: void __cdecl v8::Context::Enter(void)" (?Enter@Context@v8@@QEAAXXZ)
v8pp.x64.lib(context.obj) : error LNK2001: unresolved external symbol "public: static class v8::Local<class v8::Context> __cdecl v8::Context::New(class v8::Isolate *,class v8::ExtensionConfiguration *,class v8::MaybeLocal<class v8::ObjectTemplate>,class v8::MaybeLocal<class v8::Value>,struct v8::DeserializeInternalFieldsCallback,class v8::MicrotaskQueue *)" (?New@Context@v8@@SA?AV?$Local@VContext@v8@@@2@PEAVIsolate@2@PEAVExtensionConfiguration@2@V?$MaybeLocal@VObjectTemplate@v8@@@2@V?$MaybeLocal@VValue@v8@@@2@UDeserializeInternalFieldsCallback@2@PEAVMicrotaskQueue@2@@Z)
v8pp.x64.lib(context.obj) : error LNK2001: unresolved external symbol "public: class v8::Local<class v8::Object> __cdecl v8::Context::Global(void)" (?Global@Context@v8@@QEAA?AV?$Local@VObject@v8@@@2@XZ)
v8pp.x64.lib(context.obj) : error LNK2001: unresolved external symbol "public: void * __cdecl v8::External::Value(void)const " (?Value@External@v8@@QEBAPEAXXZ)
v8pp.x64.lib(context.obj) : error LNK2001: unresolved external symbol "public: static class v8::Local<class v8::External> __cdecl v8::External::New(class v8::Isolate *,void *)" (?New@External@v8@@SA?AV?$Local@VExternal@v8@@@2@PEAVIsolate@2@PEAX@Z)
v8pp.x64.lib(context.obj) : error LNK2001: unresolved external symbol "public: class v8::Local<class v8::Context> __cdecl v8::Isolate::GetCurrentContext(void)" (?GetCurrentContext@Isolate@v8@@QEAA?AV?$Local@VContext@v8@@@2@XZ)
v8pp.x64.lib(context.obj) : error LNK2001: unresolved external symbol "public: void __cdecl v8::Isolate::Dispose(void)" (?Dispose@Isolate@v8@@QEAAXXZ)
v8pp.x64.lib(context.obj) : error LNK2001: unresolved external symbol "public: void __cdecl v8::Isolate::Exit(void)" (?Exit@Isolate@v8@@QEAAXXZ)
v8pp.x64.lib(context.obj) : error LNK2001: unresolved external symbol "public: void __cdecl v8::Isolate::Enter(void)" (?Enter@Isolate@v8@@QEAAXXZ)
v8pp.x64.lib(context.obj) : error LNK2001: unresolved external symbol "public: static class v8::Isolate * __cdecl v8::Isolate::New(struct v8::Isolate::CreateParams const &)" (?New@Isolate@v8@@SAPEAV12@AEBUCreateParams@12@@Z)
v8pp.x64.lib(context.obj) : error LNK2001: unresolved external symbol "protected: static unsigned __int64 * __cdecl v8::HandleScope::CreateHandle(class v8::internal::Isolate *,unsigned __int64)" (?CreateHandle@HandleScope@v8@@KAPEA_KPEAVIsolate@internal@2@_K@Z)
v8pp.x64.lib(context.obj) : error LNK2001: unresolved external symbol "public: void __cdecl v8::Template::Set(class v8::Local<class v8::Name>,class v8::Local<class v8::Data>,enum v8::PropertyAttribute)" (?Set@Template@v8@@QEAAXV?$Local@VName@v8@@@2@V?$Local@VData@v8@@@2@W4PropertyAttribute@2@@Z)
v8pp.x64.lib(context.obj) : error LNK2001: unresolved external symbol "public: static class v8::Local<class v8::FunctionTemplate> __cdecl v8::FunctionTemplate::New(class v8::Isolate *,void (__cdecl*)(class v8::FunctionCallbackInfo<class v8::Value> const &),class v8::Local<class v8::Value>,class v8::Local<class v8::Signature>,int,enum v8::ConstructorBehavior,enum v8::SideEffectType)" (?New@FunctionTemplate@v8@@SA?AV?$Local@VFunctionTemplate@v8@@@2@PEAVIsolate@2@P6AXAEBV?$FunctionCallbackInfo@VValue@v8@@@2@@ZV?$Local@VValue@v8@@@2@V?$Local@VSignature@v8@@@2@HW4ConstructorBehavior@2@W4SideEffectType@2@@Z)
v8pp.x64.lib(context.obj) : error LNK2001: unresolved external symbol "private: static void __cdecl v8::V8::ToLocalEmpty(void)" (?ToLocalEmpty@V8@v8@@CAXXZ)
v8pp.x64.lib(context.obj) : error LNK2001: unresolved external symbol "private: static void __cdecl v8::V8::FromJustIsNothing(void)" (?FromJustIsNothing@V8@v8@@CAXXZ)
v8pp.x64.lib(context.obj) : error LNK2001: unresolved external symbol "private: static void __cdecl v8::V8::DisposeGlobal(unsigned __int64 *)" (?DisposeGlobal@V8@v8@@CAXPEA_K@Z)
v8pp.x64.lib(context.obj) : error LNK2001: unresolved external symbol "private: static void __cdecl v8::V8::MoveGlobalReference(unsigned __int64 * *,unsigned __int64 * *)" (?MoveGlobalReference@V8@v8@@CAXPEAPEA_K0@Z)
v8pp.x64.lib(context.obj) : error LNK2001: unresolved external symbol "private: static unsigned __int64 * __cdecl v8::V8::GlobalizeReference(class v8::internal::Isolate *,unsigned __int64 *)" (?GlobalizeReference@V8@v8@@CAPEA_KPEAVIsolate@internal@2@PEA_K@Z)
v8pp.x64.lib(context.obj) : error LNK2001: unresolved external symbol "public: class v8::Local<class v8::String> __cdecl v8::Value::TypeOf(class v8::Isolate *)" (?TypeOf@Value@v8@@QEAA?AV?$Local@VString@v8@@@2@PEAVIsolate@2@@Z)
v8pp.x64.lib(context.obj) : error LNK2001: unresolved external symbol "public: bool __cdecl v8::Value::IsNumber(void)const " (?IsNumber@Value@v8@@QEBA_NXZ)
v8pp.x64.lib(context.obj) : error LNK2001: unresolved external symbol "public: bool __cdecl v8::Value::IsTrue(void)const " (?IsTrue@Value@v8@@QEBA_NXZ)
v8pp.x64.lib(context.obj) : error LNK2001: unresolved external symbol "private: unsigned __int64 * __cdecl v8::EscapableHandleScope::Escape(unsigned __int64 *)" (?Escape@EscapableHandleScope@v8@@AEAAPEA_KPEA_K@Z)
v8pp.x64.lib(context.obj) : error LNK2001: unresolved external symbol "public: __cdecl v8::EscapableHandleScope::EscapableHandleScope(class v8::Isolate *)" (??0EscapableHandleScope@v8@@QEAA@PEAVIsolate@1@@Z)
v8pp.x64.lib(context.obj) : error LNK2001: unresolved external symbol "public: class v8::MaybeLocal<class v8::Value> __cdecl v8::Script::Run(class v8::Local<class v8::Context>)" (?Run@Script@v8@@QEAA?AV?$MaybeLocal@VValue@v8@@@2@V?$Local@VContext@v8@@@2@@Z)
v8pp.x64.lib(context.obj) : error LNK2001: unresolved external symbol "public: static class v8::MaybeLocal<class v8::Script> __cdecl v8::Script::Compile(class v8::Local<class v8::Context>,class v8::Local<class v8::String>,class v8::ScriptOrigin *)" (?Compile@Script@v8@@SA?AV?$MaybeLocal@VScript@v8@@@2@V?$Local@VContext@v8@@@2@V?$Local@VString@v8@@@2@PEAVScriptOrigin@2@@Z)
v8pp.x64.lib(context.obj) : error LNK2001: unresolved external symbol "public: __cdecl v8::String::Value::~Value(void)" (??1Value@String@v8@@QEAA@XZ)
v8pp.x64.lib(context.obj) : error LNK2001: unresolved external symbol "public: __cdecl v8::String::Value::Value(class v8::Isolate *,class v8::Local<class v8::Value>)" (??0Value@String@v8@@QEAA@PEAVIsolate@2@V?$Local@VValue@v8@@@2@@Z)
v8pp.x64.lib(context.obj) : error LNK2001: unresolved external symbol "public: static class v8::MaybeLocal<class v8::String> __cdecl v8::String::NewFromTwoByte(class v8::Isolate *,unsigned short const *,enum v8::NewStringType,int)" (?NewFromTwoByte@String@v8@@SA?AV?$MaybeLocal@VString@v8@@@2@PEAVIsolate@2@PEBGW4NewStringType@2@H@Z)
v8pp.x64.lib(context.obj) : error LNK2001: unresolved external symbol "public: static class v8::MaybeLocal<class v8::String> __cdecl v8::String::NewFromUtf8(class v8::Isolate *,char const *,enum v8::NewStringType,int)" (?NewFromUtf8@String@v8@@SA?AV?$MaybeLocal@VString@v8@@@2@PEAVIsolate@2@PEBDW4NewStringType@2@H@Z)
v8pp.x64.lib(context.obj) : error LNK2001: unresolved external symbol "public: __cdecl v8::ResourceConstraints::ResourceConstraints(void)" (??0ResourceConstraints@v8@@QEAA@XZ)
v8pp.x64.lib(context.obj) : error LNK2001: unresolved external symbol "public: class v8::Maybe<bool> __cdecl v8::Object::Set(class v8::Local<class v8::Context>,class v8::Local<class v8::Value>,class v8::Local<class v8::Value>)" (?Set@Object@v8@@QEAA?AV?$Maybe@_N@2@V?$Local@VContext@v8@@@2@V?$Local@VValue@v8@@@2@1@Z)
v8pp.x64.lib(context.obj) : error LNK2001: unresolved external symbol "public: class v8::MaybeLocal<class v8::Object> __cdecl v8::ObjectTemplate::NewInstance(class v8::Local<class v8::Context>)" (?NewInstance@ObjectTemplate@v8@@QEAA?AV?$MaybeLocal@VObject@v8@@@2@V?$Local@VContext@v8@@@2@@Z)
v8pp.x64.lib(context.obj) : error LNK2001: unresolved external symbol "public: static class v8::Local<class v8::ObjectTemplate> __cdecl v8::ObjectTemplate::New(class v8::Isolate *,class v8::Local<class v8::FunctionTemplate>)" (?New@ObjectTemplate@v8@@SA?AV?$Local@VObjectTemplate@v8@@@2@PEAVIsolate@2@V?$Local@VFunctionTemplate@v8@@@2@@Z)
v8pp.x64.lib(throw_ex.obj) : error LNK2001: unresolved external symbol "public: class v8::Local<class v8::Value> __cdecl v8::Isolate::ThrowException(class v8::Local<class v8::Value>)" (?ThrowException@Isolate@v8@@QEAA?AV?$Local@VValue@v8@@@2@V32@@Z)
v8pp.x64.lib(class.obj) : error LNK2001: unresolved external symbol "public: void __cdecl v8::Isolate::VisitHandlesWithClassIds(class v8::PersistentHandleVisitor *)" (?VisitHandlesWithClassIds@Isolate@v8@@QEAAXPEAVPersistentHandleVisitor@2@@Z)
v8pp.x64.lib(class.obj) : error LNK2001: unresolved external symbol "public: void __cdecl v8::FunctionTemplate::Inherit(class v8::Local<class v8::FunctionTemplate>)" (?Inherit@FunctionTemplate@v8@@QEAAXV?$Local@VFunctionTemplate@v8@@@2@@Z)
v8pp.x64.lib(class.obj) : error LNK2001: unresolved external symbol "public: class v8::Local<class v8::ObjectTemplate> __cdecl v8::FunctionTemplate::InstanceTemplate(void)" (?InstanceTemplate@FunctionTemplate@v8@@QEAA?AV?$Local@VObjectTemplate@v8@@@2@XZ)
v8pp.x64.lib(class.obj) : error LNK2001: unresolved external symbol "public: class v8::MaybeLocal<class v8::Function> __cdecl v8::FunctionTemplate::GetFunction(class v8::Local<class v8::Context>)" (?GetFunction@FunctionTemplate@v8@@QEAA?AV?$MaybeLocal@VFunction@v8@@@2@V?$Local@VContext@v8@@@2@@Z)
v8pp.x64.lib(class.obj) : error LNK2001: unresolved external symbol "private: static void __cdecl v8::V8::MakeWeak(unsigned __int64 *,void *,void (__cdecl*)(class v8::WeakCallbackInfo<void> const &),enum v8::WeakCallbackType)" (?MakeWeak@V8@v8@@CAXPEA_KPEAXP6AXAEBV?$WeakCallbackInfo@X@2@@ZW4WeakCallbackType@2@@Z)
v8pp.x64.lib(class.obj) : error LNK2001: unresolved external symbol "public: bool __cdecl v8::Value::IsObject(void)const " (?IsObject@Value@v8@@QEBA_NXZ)
v8pp.x64.lib(class.obj) : error LNK2001: unresolved external symbol "private: void * __cdecl v8::Object::SlowGetAlignedPointerFromInternalField(int)" (?SlowGetAlignedPointerFromInternalField@Object@v8@@AEAAPEAXH@Z)
v8pp.x64.lib(class.obj) : error LNK2001: unresolved external symbol "public: void __cdecl v8::Object::SetAlignedPointerInInternalField(int,void *)" (?SetAlignedPointerInInternalField@Object@v8@@QEAAXHPEAX@Z)
v8pp.x64.lib(class.obj) : error LNK2001: unresolved external symbol "public: int __cdecl v8::Object::InternalFieldCount(void)" (?InternalFieldCount@Object@v8@@QEAAHXZ)
v8pp.x64.lib(class.obj) : error LNK2001: unresolved external symbol "public: class v8::Local<class v8::Value> __cdecl v8::Object::GetPrototype(void)" (?GetPrototype@Object@v8@@QEAA?AV?$Local@VValue@v8@@@2@XZ)
v8pp.x64.lib(class.obj) : error LNK2001: unresolved external symbol "public: class v8::MaybeLocal<class v8::Object> __cdecl v8::Function::NewInstance(class v8::Local<class v8::Context>,int,class v8::Local<class v8::Value> * const)const " (?NewInstance@Function@v8@@QEBA?AV?$MaybeLocal@VObject@v8@@@2@V?$Local@VContext@v8@@@2@HQEAV?$Local@VValue@v8@@@2@@Z)
v8pp.x64.lib(class.obj) : error LNK2001: unresolved external symbol "public: void __cdecl v8::ObjectTemplate::SetInternalFieldCount(int)" (?SetInternalFieldCount@ObjectTemplate@v8@@QEAAXH@Z)
C:\Users\user\Downloads\v8pp-1.8.1\v8pp-1.8.1\x64\Release\v8pp-example-embedding.exe : fatal error LNK1120: 55 unresolved externals
