  v8pp-example-embedding.cpp
  v8pp.win32.lib(context.obj) : MSIL .netmodule or module compiled with /GL found; restarting link with /LTCG; add /LTCG to the link command line to improve linker performance
LINK : warning LNK4075: ignoring '/INCREMENTAL' due to '/LTCG' specification
v8pp.win32.lib(context.obj) : error LNK2038: mismatch detected for '_ITERATOR_DEBUG_LEVEL': value '0' doesn't match value '2' in v8pp-example-embedding.obj
v8pp.win32.lib(context.obj) : error LNK2038: mismatch detected for 'RuntimeLibrary': value 'MD_DynamicRelease' doesn't match value 'MTd_StaticDebug' in v8pp-example-embedding.obj
v8pp.win32.lib(throw_ex.obj) : error LNK2038: mismatch detected for '_ITERATOR_DEBUG_LEVEL': value '0' doesn't match value '2' in v8pp-example-embedding.obj
v8pp.win32.lib(throw_ex.obj) : error LNK2038: mismatch detected for 'RuntimeLibrary': value 'MD_DynamicRelease' doesn't match value 'MTd_StaticDebug' in v8pp-example-embedding.obj
v8pp.win32.lib(class.obj) : error LNK2038: mismatch detected for '_ITERATOR_DEBUG_LEVEL': value '0' doesn't match value '2' in v8pp-example-embedding.obj
v8pp.win32.lib(class.obj) : error LNK2038: mismatch detected for 'RuntimeLibrary': value 'MD_DynamicRelease' doesn't match value 'MTd_StaticDebug' in v8pp-example-embedding.obj
LINK : warning LNK4098: defaultlib 'MSVCRT' conflicts with use of other libs; use /NODEFAULTLIB:library
v8pp-example-embedding.obj : error LNK2001: unresolved external symbol "public: __thiscall v8::HandleScope::HandleScope(class v8::Isolate *)" (??0HandleScope@v8@@QAE@PAVIsolate@1@@Z)
v8pp.win32.lib(context.obj) : error LNK2001: unresolved external symbol "public: __thiscall v8::HandleScope::HandleScope(class v8::Isolate *)" (??0HandleScope@v8@@QAE@PAVIsolate@1@@Z)
v8pp-example-embedding.obj : error LNK2001: unresolved external symbol "public: __thiscall v8::HandleScope::~HandleScope(void)" (??1HandleScope@v8@@QAE@XZ)
v8pp.win32.lib(context.obj) : error LNK2001: unresolved external symbol "public: __thiscall v8::HandleScope::~HandleScope(void)" (??1HandleScope@v8@@QAE@XZ)
v8pp-example-embedding.obj : error LNK2001: unresolved external symbol "public: __thiscall v8::String::Utf8Value::Utf8Value(class v8::Isolate *,class v8::Local<class v8::Value>)" (??0Utf8Value@String@v8@@QAE@PAVIsolate@2@V?$Local@VValue@v8@@@2@@Z)
v8pp.win32.lib(context.obj) : error LNK2001: unresolved external symbol "public: __thiscall v8::String::Utf8Value::Utf8Value(class v8::Isolate *,class v8::Local<class v8::Value>)" (??0Utf8Value@String@v8@@QAE@PAVIsolate@2@V?$Local@VValue@v8@@@2@@Z)
v8pp-example-embedding.obj : error LNK2001: unresolved external symbol "public: __thiscall v8::String::Utf8Value::~Utf8Value(void)" (??1Utf8Value@String@v8@@QAE@XZ)
v8pp.win32.lib(context.obj) : error LNK2001: unresolved external symbol "public: __thiscall v8::String::Utf8Value::~Utf8Value(void)" (??1Utf8Value@String@v8@@QAE@XZ)
v8pp-example-embedding.obj : error LNK2001: unresolved external symbol "public: static bool __cdecl v8::V8::Initialize(void)" (?Initialize@V8@v8@@SA_NXZ)
v8pp-example-embedding.obj : error LNK2001: unresolved external symbol "public: static bool __cdecl v8::V8::Dispose(void)" (?Dispose@V8@v8@@SA_NXZ)
v8pp-example-embedding.obj : error LNK2001: unresolved external symbol "public: static void __cdecl v8::V8::InitializePlatform(class v8::Platform *)" (?InitializePlatform@V8@v8@@SAXPAVPlatform@2@@Z)
v8pp-example-embedding.obj : error LNK2001: unresolved external symbol "public: static void __cdecl v8::V8::ShutdownPlatform(void)" (?ShutdownPlatform@V8@v8@@SAXXZ)
v8pp-example-embedding.obj : error LNK2001: unresolved external symbol "class std::unique_ptr<class v8::Platform,struct std::default_delete<class v8::Platform> > __cdecl v8::platform::NewDefaultPlatform(int,enum v8::platform::IdleTaskSupport,enum v8::platform::InProcessStackDumping,class std::unique_ptr<class v8::TracingController,struct std::default_delete<class v8::TracingController> >)" (?NewDefaultPlatform@platform@v8@@YA?AV?$unique_ptr@VPlatform@v8@@U?$default_delete@VPlatform@v8@@@std@@@std@@HW4IdleTaskSupport@12@W4InProcessStackDumping@12@V?$unique_ptr@VTracingController@v8@@U?$default_delete@VTracingController@v8@@@std@@@4@@Z)
v8pp.win32.lib(context.obj) : error LNK2001: unresolved external symbol "public: void __thiscall v8::Context::Exit(void)" (?Exit@Context@v8@@QAEXXZ)
v8pp.win32.lib(context.obj) : error LNK2001: unresolved external symbol "public: void __thiscall v8::Context::Enter(void)" (?Enter@Context@v8@@QAEXXZ)
v8pp.win32.lib(context.obj) : error LNK2001: unresolved external symbol "public: static class v8::Local<class v8::Context> __cdecl v8::Context::New(class v8::Isolate *,class v8::ExtensionConfiguration *,class v8::MaybeLocal<class v8::ObjectTemplate>,class v8::MaybeLocal<class v8::Value>,struct v8::DeserializeInternalFieldsCallback,class v8::MicrotaskQueue *)" (?New@Context@v8@@SA?AV?$Local@VContext@v8@@@2@PAVIsolate@2@PAVExtensionConfiguration@2@V?$MaybeLocal@VObjectTemplate@v8@@@2@V?$MaybeLocal@VValue@v8@@@2@UDeserializeInternalFieldsCallback@2@PAVMicrotaskQueue@2@@Z)
v8pp.win32.lib(context.obj) : error LNK2001: unresolved external symbol "public: class v8::Local<class v8::Object> __thiscall v8::Context::Global(void)" (?Global@Context@v8@@QAE?AV?$Local@VObject@v8@@@2@XZ)
v8pp.win32.lib(context.obj) : error LNK2001: unresolved external symbol "public: void * __thiscall v8::External::Value(void)const " (?Value@External@v8@@QBEPAXXZ)
v8pp.win32.lib(context.obj) : error LNK2001: unresolved external symbol "public: static class v8::Local<class v8::External> __cdecl v8::External::New(class v8::Isolate *,void *)" (?New@External@v8@@SA?AV?$Local@VExternal@v8@@@2@PAVIsolate@2@PAX@Z)
v8pp.win32.lib(context.obj) : error LNK2001: unresolved external symbol "public: class v8::Local<class v8::Context> __thiscall v8::Isolate::GetCurrentContext(void)" (?GetCurrentContext@Isolate@v8@@QAE?AV?$Local@VContext@v8@@@2@XZ)
v8pp.win32.lib(context.obj) : error LNK2001: unresolved external symbol "public: void __thiscall v8::Isolate::Dispose(void)" (?Dispose@Isolate@v8@@QAEXXZ)
v8pp.win32.lib(context.obj) : error LNK2001: unresolved external symbol "public: void __thiscall v8::Isolate::Exit(void)" (?Exit@Isolate@v8@@QAEXXZ)
v8pp.win32.lib(context.obj) : error LNK2001: unresolved external symbol "public: void __thiscall v8::Isolate::Enter(void)" (?Enter@Isolate@v8@@QAEXXZ)
v8pp.win32.lib(context.obj) : error LNK2001: unresolved external symbol "public: static class v8::Isolate * __cdecl v8::Isolate::New(struct v8::Isolate::CreateParams const &)" (?New@Isolate@v8@@SAPAV12@ABUCreateParams@12@@Z)
v8pp.win32.lib(context.obj) : error LNK2001: unresolved external symbol "protected: static unsigned int * __cdecl v8::HandleScope::CreateHandle(class v8::internal::Isolate *,unsigned int)" (?CreateHandle@HandleScope@v8@@KAPAIPAVIsolate@internal@2@I@Z)
v8pp.win32.lib(context.obj) : error LNK2001: unresolved external symbol "public: void __thiscall v8::Template::Set(class v8::Local<class v8::Name>,class v8::Local<class v8::Data>,enum v8::PropertyAttribute)" (?Set@Template@v8@@QAEXV?$Local@VName@v8@@@2@V?$Local@VData@v8@@@2@W4PropertyAttribute@2@@Z)
v8pp.win32.lib(context.obj) : error LNK2001: unresolved external symbol "public: static class v8::Local<class v8::FunctionTemplate> __cdecl v8::FunctionTemplate::New(class v8::Isolate *,void (__cdecl*)(class v8::FunctionCallbackInfo<class v8::Value> const &),class v8::Local<class v8::Value>,class v8::Local<class v8::Signature>,int,enum v8::ConstructorBehavior,enum v8::SideEffectType)" (?New@FunctionTemplate@v8@@SA?AV?$Local@VFunctionTemplate@v8@@@2@PAVIsolate@2@P6AXABV?$FunctionCallbackInfo@VValue@v8@@@2@@ZV?$Local@VValue@v8@@@2@V?$Local@VSignature@v8@@@2@HW4ConstructorBehavior@2@W4SideEffectType@2@@Z)
v8pp.win32.lib(context.obj) : error LNK2001: unresolved external symbol "private: static void __cdecl v8::V8::ToLocalEmpty(void)" (?ToLocalEmpty@V8@v8@@CAXXZ)
v8pp.win32.lib(context.obj) : error LNK2001: unresolved external symbol "private: static void __cdecl v8::V8::FromJustIsNothing(void)" (?FromJustIsNothing@V8@v8@@CAXXZ)
v8pp.win32.lib(context.obj) : error LNK2001: unresolved external symbol "private: static void __cdecl v8::V8::DisposeGlobal(unsigned int *)" (?DisposeGlobal@V8@v8@@CAXPAI@Z)
v8pp.win32.lib(context.obj) : error LNK2001: unresolved external symbol "private: static void __cdecl v8::V8::MoveGlobalReference(unsigned int * *,unsigned int * *)" (?MoveGlobalReference@V8@v8@@CAXPAPAI0@Z)
v8pp.win32.lib(context.obj) : error LNK2001: unresolved external symbol "private: static unsigned int * __cdecl v8::V8::GlobalizeReference(class v8::internal::Isolate *,unsigned int *)" (?GlobalizeReference@V8@v8@@CAPAIPAVIsolate@internal@2@PAI@Z)
v8pp.win32.lib(context.obj) : error LNK2001: unresolved external symbol "public: class v8::Local<class v8::String> __thiscall v8::Value::TypeOf(class v8::Isolate *)" (?TypeOf@Value@v8@@QAE?AV?$Local@VString@v8@@@2@PAVIsolate@2@@Z)
v8pp.win32.lib(context.obj) : error LNK2001: unresolved external symbol "public: bool __thiscall v8::Value::IsNumber(void)const " (?IsNumber@Value@v8@@QBE_NXZ)
v8pp.win32.lib(context.obj) : error LNK2001: unresolved external symbol "public: bool __thiscall v8::Value::IsTrue(void)const " (?IsTrue@Value@v8@@QBE_NXZ)
v8pp.win32.lib(context.obj) : error LNK2001: unresolved external symbol "private: unsigned int * __thiscall v8::EscapableHandleScope::Escape(unsigned int *)" (?Escape@EscapableHandleScope@v8@@AAEPAIPAI@Z)
v8pp.win32.lib(context.obj) : error LNK2001: unresolved external symbol "public: __thiscall v8::EscapableHandleScope::EscapableHandleScope(class v8::Isolate *)" (??0EscapableHandleScope@v8@@QAE@PAVIsolate@1@@Z)
v8pp.win32.lib(context.obj) : error LNK2001: unresolved external symbol "public: class v8::MaybeLocal<class v8::Value> __thiscall v8::Script::Run(class v8::Local<class v8::Context>)" (?Run@Script@v8@@QAE?AV?$MaybeLocal@VValue@v8@@@2@V?$Local@VContext@v8@@@2@@Z)
v8pp.win32.lib(context.obj) : error LNK2001: unresolved external symbol "public: static class v8::MaybeLocal<class v8::Script> __cdecl v8::Script::Compile(class v8::Local<class v8::Context>,class v8::Local<class v8::String>,class v8::ScriptOrigin *)" (?Compile@Script@v8@@SA?AV?$MaybeLocal@VScript@v8@@@2@V?$Local@VContext@v8@@@2@V?$Local@VString@v8@@@2@PAVScriptOrigin@2@@Z)
v8pp.win32.lib(context.obj) : error LNK2001: unresolved external symbol "public: __thiscall v8::String::Value::~Value(void)" (??1Value@String@v8@@QAE@XZ)
v8pp.win32.lib(context.obj) : error LNK2001: unresolved external symbol "public: __thiscall v8::String::Value::Value(class v8::Isolate *,class v8::Local<class v8::Value>)" (??0Value@String@v8@@QAE@PAVIsolate@2@V?$Local@VValue@v8@@@2@@Z)
v8pp.win32.lib(context.obj) : error LNK2001: unresolved external symbol "public: static class v8::MaybeLocal<class v8::String> __cdecl v8::String::NewFromTwoByte(class v8::Isolate *,unsigned short const *,enum v8::NewStringType,int)" (?NewFromTwoByte@String@v8@@SA?AV?$MaybeLocal@VString@v8@@@2@PAVIsolate@2@PBGW4NewStringType@2@H@Z)
v8pp.win32.lib(context.obj) : error LNK2001: unresolved external symbol "public: static class v8::MaybeLocal<class v8::String> __cdecl v8::String::NewFromUtf8(class v8::Isolate *,char const *,enum v8::NewStringType,int)" (?NewFromUtf8@String@v8@@SA?AV?$MaybeLocal@VString@v8@@@2@PAVIsolate@2@PBDW4NewStringType@2@H@Z)
v8pp.win32.lib(context.obj) : error LNK2001: unresolved external symbol "public: __thiscall v8::ResourceConstraints::ResourceConstraints(void)" (??0ResourceConstraints@v8@@QAE@XZ)
v8pp.win32.lib(context.obj) : error LNK2001: unresolved external symbol "public: class v8::Maybe<bool> __thiscall v8::Object::Set(class v8::Local<class v8::Context>,class v8::Local<class v8::Value>,class v8::Local<class v8::Value>)" (?Set@Object@v8@@QAE?AV?$Maybe@_N@2@V?$Local@VContext@v8@@@2@V?$Local@VValue@v8@@@2@1@Z)
v8pp.win32.lib(context.obj) : error LNK2001: unresolved external symbol "public: class v8::MaybeLocal<class v8::Object> __thiscall v8::ObjectTemplate::NewInstance(class v8::Local<class v8::Context>)" (?NewInstance@ObjectTemplate@v8@@QAE?AV?$MaybeLocal@VObject@v8@@@2@V?$Local@VContext@v8@@@2@@Z)
v8pp.win32.lib(context.obj) : error LNK2001: unresolved external symbol "public: static class v8::Local<class v8::ObjectTemplate> __cdecl v8::ObjectTemplate::New(class v8::Isolate *,class v8::Local<class v8::FunctionTemplate>)" (?New@ObjectTemplate@v8@@SA?AV?$Local@VObjectTemplate@v8@@@2@PAVIsolate@2@V?$Local@VFunctionTemplate@v8@@@2@@Z)
v8pp.win32.lib(context.obj) : error LNK2001: unresolved external symbol __imp__calloc
v8pp.win32.lib(throw_ex.obj) : error LNK2001: unresolved external symbol "public: class v8::Local<class v8::Value> __thiscall v8::Isolate::ThrowException(class v8::Local<class v8::Value>)" (?ThrowException@Isolate@v8@@QAE?AV?$Local@VValue@v8@@@2@V32@@Z)
v8pp.win32.lib(class.obj) : error LNK2001: unresolved external symbol "public: void __thiscall v8::Isolate::VisitHandlesWithClassIds(class v8::PersistentHandleVisitor *)" (?VisitHandlesWithClassIds@Isolate@v8@@QAEXPAVPersistentHandleVisitor@2@@Z)
v8pp.win32.lib(class.obj) : error LNK2001: unresolved external symbol "public: void __thiscall v8::FunctionTemplate::Inherit(class v8::Local<class v8::FunctionTemplate>)" (?Inherit@FunctionTemplate@v8@@QAEXV?$Local@VFunctionTemplate@v8@@@2@@Z)
v8pp.win32.lib(class.obj) : error LNK2001: unresolved external symbol "public: class v8::Local<class v8::ObjectTemplate> __thiscall v8::FunctionTemplate::InstanceTemplate(void)" (?InstanceTemplate@FunctionTemplate@v8@@QAE?AV?$Local@VObjectTemplate@v8@@@2@XZ)
v8pp.win32.lib(class.obj) : error LNK2001: unresolved external symbol "public: class v8::MaybeLocal<class v8::Function> __thiscall v8::FunctionTemplate::GetFunction(class v8::Local<class v8::Context>)" (?GetFunction@FunctionTemplate@v8@@QAE?AV?$MaybeLocal@VFunction@v8@@@2@V?$Local@VContext@v8@@@2@@Z)
v8pp.win32.lib(class.obj) : error LNK2001: unresolved external symbol "private: static void __cdecl v8::V8::MakeWeak(unsigned int *,void *,void (__cdecl*)(class v8::WeakCallbackInfo<void> const &),enum v8::WeakCallbackType)" (?MakeWeak@V8@v8@@CAXPAIPAXP6AXABV?$WeakCallbackInfo@X@2@@ZW4WeakCallbackType@2@@Z)
v8pp.win32.lib(class.obj) : error LNK2001: unresolved external symbol "public: bool __thiscall v8::Value::IsObject(void)const " (?IsObject@Value@v8@@QBE_NXZ)
v8pp.win32.lib(class.obj) : error LNK2001: unresolved external symbol "private: void * __thiscall v8::Object::SlowGetAlignedPointerFromInternalField(int)" (?SlowGetAlignedPointerFromInternalField@Object@v8@@AAEPAXH@Z)
v8pp.win32.lib(class.obj) : error LNK2001: unresolved external symbol "public: void __thiscall v8::Object::SetAlignedPointerInInternalField(int,void *)" (?SetAlignedPointerInInternalField@Object@v8@@QAEXHPAX@Z)
v8pp.win32.lib(class.obj) : error LNK2001: unresolved external symbol "public: int __thiscall v8::Object::InternalFieldCount(void)" (?InternalFieldCount@Object@v8@@QAEHXZ)
v8pp.win32.lib(class.obj) : error LNK2001: unresolved external symbol "public: class v8::Local<class v8::Value> __thiscall v8::Object::GetPrototype(void)" (?GetPrototype@Object@v8@@QAE?AV?$Local@VValue@v8@@@2@XZ)
v8pp.win32.lib(class.obj) : error LNK2001: unresolved external symbol "public: class v8::MaybeLocal<class v8::Object> __thiscall v8::Function::NewInstance(class v8::Local<class v8::Context>,int,class v8::Local<class v8::Value> * const)const " (?NewInstance@Function@v8@@QBE?AV?$MaybeLocal@VObject@v8@@@2@V?$Local@VContext@v8@@@2@HQAV?$Local@VValue@v8@@@2@@Z)
v8pp.win32.lib(class.obj) : error LNK2001: unresolved external symbol "public: void __thiscall v8::ObjectTemplate::SetInternalFieldCount(int)" (?SetInternalFieldCount@ObjectTemplate@v8@@QAEXH@Z)
MSVCRT.lib(chandler4gs.obj) : error LNK2001: unresolved external symbol __except_handler4_common
C:\Users\user\Downloads\v8pp-1.8.1\v8pp-1.8.1\Debug\v8pp-example-embedding.exe : fatal error LNK1120: 58 unresolved externals
